<?xml version="1.0" encoding="UTF-8"?>
<!-- Generated by org.testng.reporters.JUnitXMLReporter -->
<testsuite ignored="0" hostname="DESKTOP-5LEOOHR" failures="9" tests="14" name="Test" time="5.619" errors="0" timestamp="01 Aug 2020 20:08:00 GMT">
  <testcase classname="com.assignment.testcases.TC01" name="tc01ValidateWithValidInputData" time="1.601">
    <failure type="java.lang.AssertionError" message="expected [true] but found [false]">
      <![CDATA[java.lang.AssertionError: expected [true] but found [false]
at com.assignment.testcases.TC01.tc01ValidateWithValidInputData(TC01.java:100)
... Removed 32 stack frames]]>
    </failure>
  </testcase> <!-- tc01ValidateWithValidInputData -->
  <testcase classname="com.assignment.testcases.TC01" name="tc02ValidateWithAlphaNumericInputData" time="0.203">
    <failure type="java.lang.AssertionError" message="expected [true] but found [false]">
      <![CDATA[java.lang.AssertionError: expected [true] but found [false]
at com.assignment.testcases.TC01.tc02ValidateWithAlphaNumericInputData(TC01.java:156)
... Removed 32 stack frames]]>
    </failure>
  </testcase> <!-- tc02ValidateWithAlphaNumericInputData -->
  <testcase classname="com.assignment.testcases.TC01" name="tc03ValidateWithNullInputData" time="0.219">
    <failure type="java.lang.AssertionError" message="expected [true] but found [false]">
      <![CDATA[java.lang.AssertionError: expected [true] but found [false]
at com.assignment.testcases.TC01.tc03ValidateWithNullInputData(TC01.java:201)
... Removed 32 stack frames]]>
    </failure>
  </testcase> <!-- tc03ValidateWithNullInputData -->
  <testcase classname="com.assignment.testcases.TC01" name="tc04ValidateWithWildCharacterInputData" time="0.405">
    <failure type="java.lang.AssertionError" message="expected [true] but found [false]">
      <![CDATA[java.lang.AssertionError: expected [true] but found [false]
at com.assignment.testcases.TC01.tc04ValidateWithWildCharacterInputData(TC01.java:249)
... Removed 32 stack frames]]>
    </failure>
  </testcase> <!-- tc04ValidateWithWildCharacterInputData -->
  <testcase classname="com.assignment.testcases.TC01" name="tc05ValidateWithSpaceInputData" time="0.236">
    <failure type="java.lang.AssertionError" message="expected [true] but found [false]">
      <![CDATA[java.lang.AssertionError: expected [true] but found [false]
at com.assignment.testcases.TC01.tc05ValidateWithSpaceInputData(TC01.java:293)
... Removed 32 stack frames]]>
    </failure>
  </testcase> <!-- tc05ValidateWithSpaceInputData -->
  <testcase classname="com.assignment.testcases.TC01" name="tc06ValidateWithSpaceInputData" time="0.419">
    <failure type="java.lang.AssertionError" message="expected [true] but found [false]">
      <![CDATA[java.lang.AssertionError: expected [true] but found [false]
at com.assignment.testcases.TC01.tc06ValidateWithSpaceInputData(TC01.java:337)
... Removed 32 stack frames]]>
    </failure>
  </testcase> <!-- tc06ValidateWithSpaceInputData -->
  <testcase classname="com.assignment.testcases.TC01" name="tc07ValidateOutputWithNumbersWithNoAlphabets" time="0.589">
    <failure type="java.lang.AssertionError" message="expected [true] but found [false]">
      <![CDATA[java.lang.AssertionError: expected [true] but found [false]
at com.assignment.testcases.TC01.tc07ValidateOutputWithNumbersWithNoAlphabets(TC01.java:384)
... Removed 32 stack frames]]>
    </failure>
  </testcase> <!-- tc07ValidateOutputWithNumbersWithNoAlphabets -->
  <testcase classname="com.assignment.testcases.TC01" name="tc08ValidateOutputWithNumbersWithNoAlphabets" time="0.23">
    <failure type="java.lang.AssertionError" message="expected [true] but found [false]">
      <![CDATA[java.lang.AssertionError: expected [true] but found [false]
at com.assignment.testcases.TC01.tc08ValidateOutputWithNumbersWithNoAlphabets(TC01.java:435)
... Removed 32 stack frames]]>
    </failure>
  </testcase> <!-- tc08ValidateOutputWithNumbersWithNoAlphabets -->
  <testcase classname="com.assignment.testcases.TC01" name="tc09ValidateOutputWithNumbersWithNoAlphabets" time="0.425">
    <failure type="java.lang.AssertionError" message="expected [true] but found [false]">
      <![CDATA[java.lang.AssertionError: expected [true] but found [false]
at com.assignment.testcases.TC01.tc09ValidateOutputWithNumbersWithNoAlphabets(TC01.java:476)
... Removed 32 stack frames]]>
    </failure>
  </testcase> <!-- tc09ValidateOutputWithNumbersWithNoAlphabets -->
  <testcase classname="com.assignment.testcases.TC01" name="tc10ValidateWithValidInputData" time="0.003"/>
  <testcase classname="com.assignment.testcases.TC01" name="tc10ValidateWithValidInputData" time="0.001"/>
  <testcase classname="com.assignment.testcases.TC01" name="tc10ValidateWithValidInputData" time="0.001"/>
  <testcase classname="com.assignment.testcases.TC01" name="tc10ValidateWithValidInputData" time="0.0"/>
  <testcase classname="com.assignment.testcases.TC01" name="tc10ValidateWithValidInputData" time="0.001"/>
</testsuite> <!-- Test -->
