<?xml version="1.0" encoding="UTF-8"?>
<testsuite xmlns:xsi="http://www.w3.org/2001/XMLSchema-instance" xsi:noNamespaceSchemaLocation="https://maven.apache.org/surefire/maven-surefire-plugin/xsd/surefire-test-report.xsd" name="TestSuite" time="6.937" tests="14" errors="0" skipped="0" failures="9">
  <properties>
    <property name="sun.desktop" value="windows"/>
    <property name="awt.toolkit" value="sun.awt.windows.WToolkit"/>
    <property name="java.specification.version" value="9"/>
    <property name="file.encoding.pkg" value="sun.io"/>
    <property name="sun.cpu.isalist" value="amd64"/>
    <property name="sun.jnu.encoding" value="Cp1252"/>
    <property name="java.class.path" value="C:\Users\Kalyani\.p2\pool\plugins\org.eclipse.m2e.maven.runtime_1.8.2.20171007-0216\jars\plexus-classworlds-2.5.2.jar"/>
    <property name="java.vm.vendor" value="Oracle Corporation"/>
    <property name="sun.arch.data.model" value="64"/>
    <property name="user.variant" value=""/>
    <property name="java.vendor.url" value="http://java.oracle.com/"/>
    <property name="user.timezone" value="Asia/Calcutta"/>
    <property name="os.name" value="Windows 10"/>
    <property name="java.vm.specification.version" value="9"/>
    <property name="sun.java.launcher" value="SUN_STANDARD"/>
    <property name="user.country" value="IN"/>
    <property name="sun.boot.library.path" value="C:\Program Files\Java\jdk-9.0.4\bin"/>
    <property name="sun.java.command" value="org.codehaus.plexus.classworlds.launcher.Launcher -B install"/>
    <property name="jdk.debug" value="release"/>
    <property name="maven.home" value="C:\Users\Kalyani\Desktop\Kalyani\Testing_Learning\dialCombination\dialCombinationV01\EMBEDDED"/>
    <property name="sun.cpu.endian" value="little"/>
    <property name="user.home" value="C:\Users\Kalyani"/>
    <property name="user.language" value="en"/>
    <property name="java.specification.vendor" value="Oracle Corporation"/>
    <property name="java.home" value="C:\Program Files\Java\jdk-9.0.4"/>
    <property name="file.separator" value="\"/>
    <property name="java.vm.compressedOopsMode" value="Zero based"/>
    <property name="line.separator" value="&#10;"/>
    <property name="java.specification.name" value="Java Platform API Specification"/>
    <property name="java.vm.specification.vendor" value="Oracle Corporation"/>
    <property name="java.awt.graphicsenv" value="sun.awt.Win32GraphicsEnvironment"/>
    <property name="user.script" value=""/>
    <property name="sun.management.compiler" value="HotSpot 64-Bit Tiered Compilers"/>
    <property name="java.runtime.version" value="9.0.4+11"/>
    <property name="user.name" value="Kalyani"/>
    <property name="path.separator" value=";"/>
    <property name="os.version" value="10.0"/>
    <property name="java.runtime.name" value="Java(TM) SE Runtime Environment"/>
    <property name="file.encoding" value="Cp1252"/>
    <property name="guice.disable.misplaced.annotation.check" value="true"/>
    <property name="java.vm.name" value="Java HotSpot(TM) 64-Bit Server VM"/>
    <property name="java.vendor.url.bug" value="http://bugreport.java.com/bugreport/"/>
    <property name="java.io.tmpdir" value="C:\Users\Kalyani\AppData\Local\Temp\"/>
    <property name="java.version" value="9.0.4"/>
    <property name="user.dir" value="C:\Users\Kalyani\Desktop\Kalyani\Testing_Learning\dialCombination\dialCombinationV01"/>
    <property name="os.arch" value="amd64"/>
    <property name="maven.multiModuleProjectDirectory" value="C:\Users\Kalyani\Desktop\Kalyani\Testing_Learning\dialCombination\dialCombinationV01"/>
    <property name="java.vm.specification.name" value="Java Virtual Machine Specification"/>
    <property name="java.awt.printerjob" value="sun.awt.windows.WPrinterJob"/>
    <property name="sun.os.patch.level" value=""/>
    <property name="java.library.path" value="C:\Program Files\Java\jdk-9.0.4\bin;C:\WINDOWS\Sun\Java\bin;C:\WINDOWS\system32;C:\WINDOWS;C:/Program Files/Java/jre1.8.0_144/bin/server;C:/Program Files/Java/jre1.8.0_144/bin;C:/Program Files/Java/jre1.8.0_144/lib/amd64;C:\Program Files (x86)\Intel\iCLS Client\;C:\ProgramData\Oracle\Java\javapath;C:\Program Files\Intel\iCLS Client\;C:\WINDOWS\system32;C:\WINDOWS;C:\WINDOWS\System32\Wbem;C:\WINDOWS\System32\WindowsPowerShell\v1.0\;C:\Program Files\nodejs;C:\Program Files (x86)\Intel\Intel(R) Management Engine Components\DAL;C:\Program Files\Intel\Intel(R) Management Engine Components\DAL;C:\Program Files (x86)\Intel\Intel(R) Management Engine Components\IPT;C:\Program Files\Intel\Intel(R) Management Engine Components\IPT;C:\Program Files\Java\jdk-9.0.4\bin;C:\Apps\;C:\Apps\node_modules\npm\bin;C:\WINDOWS\System32\OpenSSH\;C:\Program Files\Git\cmd;C:\Users\Kalyani\Desktop\Installables\apache-ant-1.10.8-bin\apache-ant-1.10.8\bin;C:\Users\Kalyani\AppData\Local\Microsoft\WindowsApps;C:\Users\Kalyani\AppData\Roaming\npm;;C:\WINDOWS\System32;;."/>
    <property name="java.vm.info" value="mixed mode"/>
    <property name="java.vendor" value="Oracle Corporation"/>
    <property name="java.vm.version" value="9.0.4+11"/>
    <property name="classworlds.conf" value="C:\Users\Kalyani\eclipse-workspace\.metadata\.plugins\org.eclipse.m2e.launching\launches\m2conf7323100635638462817.tmp"/>
    <property name="sun.io.unicode.encoding" value="UnicodeLittle"/>
    <property name="java.class.version" value="53.0"/>
  </properties>
  <testcase name="tc01ValidateWithValidInputData" classname="com.assignment.testcases.TC01" time="1.614">
    <failure message="expected [true] but found [false]" type="java.lang.AssertionError">java.lang.AssertionError: expected [true] but found [false]
	at com.assignment.testcases.TC01.tc01ValidateWithValidInputData(TC01.java:100)
</failure>
  </testcase>
  <testcase name="tc02ValidateWithAlphaNumericInputData" classname="com.assignment.testcases.TC01" time="0.187">
    <failure message="expected [true] but found [false]" type="java.lang.AssertionError">java.lang.AssertionError: expected [true] but found [false]
	at com.assignment.testcases.TC01.tc02ValidateWithAlphaNumericInputData(TC01.java:156)
</failure>
  </testcase>
  <testcase name="tc03ValidateWithNullInputData" classname="com.assignment.testcases.TC01" time="0.219">
    <failure message="expected [true] but found [false]" type="java.lang.AssertionError">java.lang.AssertionError: expected [true] but found [false]
	at com.assignment.testcases.TC01.tc03ValidateWithNullInputData(TC01.java:201)
</failure>
  </testcase>
  <testcase name="tc04ValidateWithWildCharacterInputData" classname="com.assignment.testcases.TC01" time="0.391">
    <failure message="expected [true] but found [false]" type="java.lang.AssertionError">java.lang.AssertionError: expected [true] but found [false]
	at com.assignment.testcases.TC01.tc04ValidateWithWildCharacterInputData(TC01.java:249)
</failure>
  </testcase>
  <testcase name="tc05ValidateWithSpaceInputData" classname="com.assignment.testcases.TC01" time="0.236">
    <failure message="expected [true] but found [false]" type="java.lang.AssertionError">java.lang.AssertionError: expected [true] but found [false]
	at com.assignment.testcases.TC01.tc05ValidateWithSpaceInputData(TC01.java:293)
</failure>
  </testcase>
  <testcase name="tc06ValidateWithSpaceInputData" classname="com.assignment.testcases.TC01" time="0.42">
    <failure message="expected [true] but found [false]" type="java.lang.AssertionError">java.lang.AssertionError: expected [true] but found [false]
	at com.assignment.testcases.TC01.tc06ValidateWithSpaceInputData(TC01.java:337)
</failure>
  </testcase>
  <testcase name="tc07ValidateOutputWithNumbersWithNoAlphabets" classname="com.assignment.testcases.TC01" time="0.589">
    <failure message="expected [true] but found [false]" type="java.lang.AssertionError">java.lang.AssertionError: expected [true] but found [false]
	at com.assignment.testcases.TC01.tc07ValidateOutputWithNumbersWithNoAlphabets(TC01.java:384)
</failure>
  </testcase>
  <testcase name="tc08ValidateOutputWithNumbersWithNoAlphabets" classname="com.assignment.testcases.TC01" time="0.23">
    <failure message="expected [true] but found [false]" type="java.lang.AssertionError">java.lang.AssertionError: expected [true] but found [false]
	at com.assignment.testcases.TC01.tc08ValidateOutputWithNumbersWithNoAlphabets(TC01.java:435)
</failure>
  </testcase>
  <testcase name="tc09ValidateOutputWithNumbersWithNoAlphabets" classname="com.assignment.testcases.TC01" time="0.426">
    <failure message="expected [true] but found [false]" type="java.lang.AssertionError">java.lang.AssertionError: expected [true] but found [false]
	at com.assignment.testcases.TC01.tc09ValidateOutputWithNumbersWithNoAlphabets(TC01.java:476)
</failure>
  </testcase>
  <testcase name="tc10ValidateWithValidInputData" classname="com.assignment.testcases.TC01" time="0.003"/>
  <testcase name="tc10ValidateWithValidInputData" classname="com.assignment.testcases.TC01" time="0.001"/>
  <testcase name="tc10ValidateWithValidInputData" classname="com.assignment.testcases.TC01" time="0.001"/>
  <testcase name="tc10ValidateWithValidInputData" classname="com.assignment.testcases.TC01" time="0.001"/>
  <testcase name="tc10ValidateWithValidInputData" classname="com.assignment.testcases.TC01" time="0.002"/>
</testsuite>