<?xml version="1.0" encoding="UTF-8"?>
<testsuite xmlns:xsi="http://www.w3.org/2001/XMLSchema-instance" xsi:noNamespaceSchemaLocation="https://maven.apache.org/surefire/maven-surefire-plugin/xsd/surefire-test-report.xsd" name="TestSuite" time="6.937" tests="14" errors="0" skipped="0" failures="9">
  <properties>
[...]
</properties>
  <testcase name="tc01ValidateWithValidInputData" classname="com.assignment.testcases.TC01" time="1.614">
    <failure message="expected [true] but found [false]" type="java.lang.AssertionError">java.lang.AssertionError: expected [true] but found [false]
	at com.assignment.testcases.TC01.tc01ValidateWithValidInputData(TC01.java:100)
</failure>
  </testcase>
  <testcase name="tc02ValidateWithAlphaNumericInputData" classname="com.assignment.testcases.TC01" time="0.187">
    <failure message="expected [true] but found [false]" type="java.lang.AssertionError">java.lang.AssertionError: expected [true] but found [false]
	at com.assignment.testcases.TC01.tc02ValidateWithAlphaNumericInputData(TC01.java:156)
</failure>
  </testcase>
  <testcase name="tc03ValidateWithNullInputData" classname="com.assignment.testcases.TC01" time="0.219">
    <failure message="expected [true] but found [false]" type="java.lang.AssertionError">java.lang.AssertionError: expected [true] but found [false]
	at com.assignment.testcases.TC01.tc03ValidateWithNullInputData(TC01.java:201)
</failure>
  </testcase>
  <testcase name="tc04ValidateWithWildCharacterInputData" classname="com.assignment.testcases.TC01" time="0.391">
    <failure message="expected [true] but found [false]" type="java.lang.AssertionError">java.lang.AssertionError: expected [true] but found [false]
	at com.assignment.testcases.TC01.tc04ValidateWithWildCharacterInputData(TC01.java:249)
</failure>
  </testcase>
  <testcase name="tc05ValidateWithSpaceInputData" classname="com.assignment.testcases.TC01" time="0.236">
    <failure message="expected [true] but found [false]" type="java.lang.AssertionError">java.lang.AssertionError: expected [true] but found [false]
	at com.assignment.testcases.TC01.tc05ValidateWithSpaceInputData(TC01.java:293)
</failure>
  </testcase>
  <testcase name="tc06ValidateWithSpaceInputData" classname="com.assignment.testcases.TC01" time="0.42">
    <failure message="expected [true] but found [false]" type="java.lang.AssertionError">java.lang.AssertionError: expected [true] but found [false]
	at com.assignment.testcases.TC01.tc06ValidateWithSpaceInputData(TC01.java:337)
</failure>
  </testcase>
  <testcase name="tc07ValidateOutputWithNumbersWithNoAlphabets" classname="com.assignment.testcases.TC01" time="0.589">
    <failure message="expected [true] but found [false]" type="java.lang.AssertionError">java.lang.AssertionError: expected [true] but found [false]
	at com.assignment.testcases.TC01.tc07ValidateOutputWithNumbersWithNoAlphabets(TC01.java:384)
</failure>
  </testcase>
  <testcase name="tc08ValidateOutputWithNumbersWithNoAlphabets" classname="com.assignment.testcases.TC01" time="0.23">
    <failure message="expected [true] but found [false]" type="java.lang.AssertionError">java.lang.AssertionError: expected [true] but found [false]
	at com.assignment.testcases.TC01.tc08ValidateOutputWithNumbersWithNoAlphabets(TC01.java:435)
</failure>
  </testcase>
  <testcase name="tc09ValidateOutputWithNumbersWithNoAlphabets" classname="com.assignment.testcases.TC01" time="0.426">
    <failure message="expected [true] but found [false]" type="java.lang.AssertionError">java.lang.AssertionError: expected [true] but found [false]
	at com.assignment.testcases.TC01.tc09ValidateOutputWithNumbersWithNoAlphabets(TC01.java:476)
</failure>
  </testcase>
  <testcase name="tc10ValidateWithValidInputData" classname="com.assignment.testcases.TC01" time="0.003"/>
  <testcase name="tc10ValidateWithValidInputData" classname="com.assignment.testcases.TC01" time="0.001"/>
  <testcase name="tc10ValidateWithValidInputData" classname="com.assignment.testcases.TC01" time="0.001"/>
  <testcase name="tc10ValidateWithValidInputData" classname="com.assignment.testcases.TC01" time="0.001"/>
  <testcase name="tc10ValidateWithValidInputData" classname="com.assignment.testcases.TC01" time="0.002"/>
</testsuite>